2016-03-13 08:40:32.667237808 +0800 CST  test 
2016-03-13 08:40:32.667252087 +0800 CST  test1 
2016-03-13 08:40:32.667260116 +0800 CST  test2 
2016-03-13 08:40:33.04878171 +0800 CST  Send Success 2016-03-13 08:40:33.048738059 +0800 CST 
2016-03-13 08:41:33.401577486 +0800 CST  Send Success 2016-03-13 08:41:33.401544237 +0800 CST 
2016-03-13 08:42:33.675029129 +0800 CST  Send Success 2016-03-13 08:42:33.675014428 +0800 CST 
2016-03-13 08:43:33.915349817 +0800 CST  Send Success 2016-03-13 08:43:33.91532649 +0800 CST 
2016-03-13 08:44:34.122760504 +0800 CST  Send Success 2016-03-13 08:44:34.122741547 +0800 CST 
2016-03-13 08:45:34.46514297 +0800 CST  Send Success 2016-03-13 08:45:34.465102276 +0800 CST 
2016-03-13 08:46:34.738807811 +0800 CST  Send Success 2016-03-13 08:46:34.738782632 +0800 CST 
2016-03-13 08:47:34.957749488 +0800 CST  Send Success 2016-03-13 08:47:34.957722989 +0800 CST 
2016-03-13 08:48:35.175903336 +0800 CST  Send Success 2016-03-13 08:48:35.175875549 +0800 CST 
2016-03-13 08:49:35.383003318 +0800 CST  Send Success 2016-03-13 08:49:35.382980184 +0800 CST 
2016-03-13 08:50:35.769889674 +0800 CST  Send Success 2016-03-13 08:50:35.769864948 +0800 CST 
2016-03-13 08:51:35.990166161 +0800 CST  Send Success 2016-03-13 08:51:35.990138304 +0800 CST 
2016-03-13 08:52:36.209544745 +0800 CST  Send Success 2016-03-13 08:52:36.209526028 +0800 CST 
2016-03-13 08:53:36.427833801 +0800 CST  Send Success 2016-03-13 08:53:36.427816163 +0800 CST 
2016-03-13 08:54:36.42843836 +0800 CST  Connect false count:1 
2016-03-13 08:54:36.44000557 +0800 CST  Connect false count:2 
2016-03-13 08:54:36.461871733 +0800 CST  Connect false count:3 
2016-03-13 08:54:36.462721391 +0800 CST  Connect false count:4 
2016-03-13 08:54:36.495923319 +0800 CST  Connect false count:5 
2016-03-13 08:54:36.517717909 +0800 CST  Connect false count:6 
2016-03-13 08:54:36.518166715 +0800 CST  Connect false count:7 
2016-03-13 08:54:36.518855697 +0800 CST  Connect false count:8 
2016-03-13 08:54:36.554450049 +0800 CST  Connect false count:9 
2016-03-13 08:54:36.574038377 +0800 CST  Connect false count:10 
2016-03-13 08:56:07.012315078 +0800 CST  test 
2016-03-13 08:56:07.012337842 +0800 CST  test1 
2016-03-13 08:56:07.012345407 +0800 CST  test2 
2016-03-13 08:56:07.354598958 +0800 CST  Send Success 2016-03-13 08:56:07.354575178 +0800 CST 
2016-03-13 08:57:07.640450679 +0800 CST  Send Success 2016-03-13 08:57:07.640427598 +0800 CST 
2016-03-13 08:58:07.858945586 +0800 CST  Send Success 2016-03-13 08:58:07.858926346 +0800 CST 
2016-03-13 08:59:08.089266315 +0800 CST  Send Success 2016-03-13 08:59:08.089249114 +0800 CST 
2016-03-13 09:00:08.344309989 +0800 CST  Send Success 2016-03-13 09:00:08.344291108 +0800 CST 
2016-03-13 09:01:08.753417432 +0800 CST  Send Success 2016-03-13 09:01:08.753399089 +0800 CST 
2016-03-13 09:01:43.081267772 +0800 CST  test 
2016-03-13 09:01:43.081290501 +0800 CST  test1 
2016-03-13 09:01:43.081296996 +0800 CST  test2 
2016-03-13 09:01:43.308525059 +0800 CST  Send Success 2016-03-13 09:01:43.308501461 +0800 CST 
2016-03-13 09:02:43.5281519 +0800 CST  Send Success 2016-03-13 09:02:43.528132105 +0800 CST 
2016-03-13 09:03:43.757811859 +0800 CST  Send Success 2016-03-13 09:03:43.757792757 +0800 CST 
2016-03-13 09:03:55.416157317 +0800 CST  test 
2016-03-13 09:03:55.416182629 +0800 CST  test1 
2016-03-13 09:03:55.416189078 +0800 CST  test2 
2016-03-13 09:03:55.632867419 +0800 CST  Send Success 2016-03-13 09:03:55.632841038 +0800 CST 
2016-03-13 09:04:55.896209804 +0800 CST  Send Success 2016-03-13 09:04:55.896192538 +0800 CST 
2016-03-13 09:05:56.913903777 +0800 CST  test 
2016-03-13 09:05:56.913940412 +0800 CST  test1 
2016-03-13 09:05:56.913952023 +0800 CST  test2 
2016-03-13 09:05:57.169496955 +0800 CST  Send Success 2016-03-13 09:05:57.169472091 +0800 CST 
2016-03-13 09:06:57.545060467 +0800 CST  Send Success 2016-03-13 09:06:57.545015518 +0800 CST 
2016-03-13 09:07:57.775367621 +0800 CST  Send Success 2016-03-13 09:07:57.775323399 +0800 CST 
2016-03-13 09:08:58.125431321 +0800 CST  Send Success 2016-03-13 09:08:58.1254106 +0800 CST 
2016-03-13 09:09:58.354665204 +0800 CST  Send Success 2016-03-13 09:09:58.354637766 +0800 CST 
2016-03-13 09:10:40.840691703 +0800 CST  test 
2016-03-13 09:10:40.840731647 +0800 CST  test1 
2016-03-13 09:10:40.840741818 +0800 CST  test2 
2016-03-13 09:10:41.056722841 +0800 CST  Send Success 2016-03-13 09:10:41.056702333 +0800 CST 
2016-03-13 09:11:19.23046971 +0800 CST  test 
2016-03-13 09:11:19.230507831 +0800 CST  test1 
2016-03-13 09:11:19.230518419 +0800 CST  test2 
2016-03-13 09:11:19.496341068 +0800 CST  Send Success 2016-03-13 09:11:19.496317072 +0800 CST 
2016-03-13 09:11:36.717149385 +0800 CST  test 
2016-03-13 09:11:36.717186109 +0800 CST  test1 
2016-03-13 09:11:36.71720869 +0800 CST  test2 
2016-03-13 09:11:36.941357151 +0800 CST  Send Success 2016-03-13 09:11:36.941325705 +0800 CST 
2016-03-13 09:12:03.300006078 +0800 CST  test 
2016-03-13 09:12:03.300038343 +0800 CST  test1 
2016-03-13 09:12:03.300054802 +0800 CST  test2 
2016-03-13 09:12:03.697695586 +0800 CST  Send Success 2016-03-13 09:12:03.697672452 +0800 CST 
2016-03-13 09:12:29.263340881 +0800 CST  test 
2016-03-13 09:12:29.263364463 +0800 CST  test1 
2016-03-13 09:12:29.263370723 +0800 CST  test2 
2016-03-13 09:12:29.476070299 +0800 CST  Send Success 2016-03-13 09:12:29.476049637 +0800 CST 
2016-03-13 09:13:29.695645889 +0800 CST  Send Success 2016-03-13 09:13:29.695621944 +0800 CST 
2016-03-13 09:13:39.384164933 +0800 CST  test 
2016-03-13 09:13:39.384188433 +0800 CST  test1 
2016-03-13 09:13:39.3841954 +0800 CST  test2 
2016-03-13 09:13:39.617362322 +0800 CST  Send Success 2016-03-13 09:13:39.617339968 +0800 CST 
2016-03-13 09:14:09.518582838 +0800 CST  test 
2016-03-13 09:14:09.51860989 +0800 CST  test1 
2016-03-13 09:14:09.518621208 +0800 CST  test2 
2016-03-13 09:14:09.780248852 +0800 CST  Send Success 2016-03-13 09:14:09.780225011 +0800 CST 
2016-03-13 09:15:10.054794546 +0800 CST  Send Success 2016-03-13 09:15:10.054767145 +0800 CST 
2016-03-13 09:16:10.379476224 +0800 CST  Send Success 2016-03-13 09:16:10.379455769 +0800 CST 
2016-03-13 09:17:10.609487718 +0800 CST  Send Success 2016-03-13 09:17:10.609465171 +0800 CST 
2016-03-13 09:18:10.81633801 +0800 CST  Send Success 2016-03-13 09:18:10.816321415 +0800 CST 
2016-03-13 09:19:11.045185073 +0800 CST  Send Success 2016-03-13 09:19:11.045158536 +0800 CST 
2016-03-13 09:20:11.308537595 +0800 CST  Send Success 2016-03-13 09:20:11.308505025 +0800 CST 
2016-03-13 09:21:11.636723456 +0800 CST  Send Success 2016-03-13 09:21:11.636704153 +0800 CST 
2016-03-13 09:22:11.856859785 +0800 CST  Send Success 2016-03-13 09:22:11.856831202 +0800 CST 
2016-03-13 09:23:12.063390375 +0800 CST  Send Success 2016-03-13 09:23:12.063368485 +0800 CST 
2016-03-13 09:24:12.281454006 +0800 CST  Send Success 2016-03-13 09:24:12.281427257 +0800 CST 
2016-03-13 09:25:12.543831705 +0800 CST  Send Success 2016-03-13 09:25:12.543813744 +0800 CST 
2016-03-13 09:26:12.883710878 +0800 CST  Send Success 2016-03-13 09:26:12.883694435 +0800 CST 
2016-03-13 09:27:13.091386739 +0800 CST  Send Success 2016-03-13 09:27:13.091368418 +0800 CST 
2016-03-13 09:28:13.32218304 +0800 CST  Send Success 2016-03-13 09:28:13.32216655 +0800 CST 
2016-03-13 09:29:13.584824114 +0800 CST  Send Success 2016-03-13 09:29:13.584804421 +0800 CST 
2016-03-13 09:30:13.858265495 +0800 CST  Send Success 2016-03-13 09:30:13.858245519 +0800 CST 
2016-03-13 09:31:14.187040848 +0800 CST  Send Success 2016-03-13 09:31:14.187020714 +0800 CST 
2016-03-13 09:32:14.439953547 +0800 CST  Send Success 2016-03-13 09:32:14.439920628 +0800 CST 
2016-03-13 09:33:14.7244808 +0800 CST  Send Success 2016-03-13 09:33:14.724443378 +0800 CST 
2016-03-13 09:34:14.944454157 +0800 CST  Send Success 2016-03-13 09:34:14.94441651 +0800 CST 
2016-03-13 09:35:15.183645078 +0800 CST  Send Success 2016-03-13 09:35:15.183627024 +0800 CST 
2016-03-13 09:36:15.557078658 +0800 CST  Send Success 2016-03-13 09:36:15.557055124 +0800 CST 
2016-03-13 09:37:15.786872719 +0800 CST  Send Success 2016-03-13 09:37:15.786855616 +0800 CST 
2016-03-13 09:38:16.017007678 +0800 CST  Send Success 2016-03-13 09:38:16.016974466 +0800 CST 
2016-03-13 09:39:16.223219188 +0800 CST  Send Success 2016-03-13 09:39:16.223199127 +0800 CST 
2016-03-13 09:40:16.566565532 +0800 CST  Send Success 2016-03-13 09:40:16.566525168 +0800 CST 
2016-03-13 09:41:16.882884166 +0800 CST  Send Success 2016-03-13 09:41:16.882864205 +0800 CST 
2016-03-13 09:42:17.090263227 +0800 CST  Send Success 2016-03-13 09:42:17.09024202 +0800 CST 
2016-03-13 09:43:17.30850697 +0800 CST  Send Success 2016-03-13 09:43:17.308488218 +0800 CST 
2016-03-13 09:44:17.51578371 +0800 CST  Send Success 2016-03-13 09:44:17.515763222 +0800 CST 
2016-03-13 09:45:17.736813468 +0800 CST  Send Success 2016-03-13 09:45:17.736791127 +0800 CST 
2016-03-13 09:45:20.551885258 +0800 CST  test 
2016-03-13 09:45:20.55190482 +0800 CST  test1 
2016-03-13 09:45:20.551911092 +0800 CST  test2 
2016-03-13 09:45:20.756262339 +0800 CST  Send Success 2016-03-13 09:45:20.756244092 +0800 CST 
2016-03-13 09:46:21.185517406 +0800 CST  Send Success 2016-03-13 09:46:21.185496721 +0800 CST 
2016-03-13 09:47:21.393970261 +0800 CST  Send Success 2016-03-13 09:47:21.39394416 +0800 CST 
2016-03-13 09:48:21.633931117 +0800 CST  Send Success 2016-03-13 09:48:21.633914718 +0800 CST 
2016-03-13 09:49:05.988567898 +0800 CST  test 
2016-03-13 09:49:05.988598292 +0800 CST  test1 
2016-03-13 09:49:05.988605888 +0800 CST  test2 
2016-03-13 09:49:06.287856667 +0800 CST  Send Success 2016-03-13 09:49:06.287840796 +0800 CST 
2016-03-13 09:49:45.45978343 +0800 CST  test 
2016-03-13 09:49:45.45981291 +0800 CST  test1 
2016-03-13 09:49:45.459819727 +0800 CST  test2 
2016-03-13 09:49:45.702460529 +0800 CST  Send Success 2016-03-13 09:49:45.702436389 +0800 CST 
2016-03-13 09:50:12.157797944 +0800 CST  test 
2016-03-13 09:50:12.157822256 +0800 CST  test1 
2016-03-13 09:50:12.157828625 +0800 CST  test2 
2016-03-13 09:50:12.801186847 +0800 CST  Send Success 2016-03-13 09:50:12.801171546 +0800 CST 
2016-03-13 09:51:13.030698857 +0800 CST  Send Success 2016-03-13 09:51:13.03066226 +0800 CST 
2016-03-13 09:52:13.339072842 +0800 CST  Send Success 2016-03-13 09:52:13.33904639 +0800 CST 
2016-03-13 09:53:13.590998806 +0800 CST  Send Success 2016-03-13 09:53:13.590971425 +0800 CST 
2016-03-13 09:54:13.81009169 +0800 CST  Send Success 2016-03-13 09:54:13.8100541 +0800 CST 
2016-03-13 09:55:14.09374285 +0800 CST  Send Success 2016-03-13 09:55:14.093722498 +0800 CST 
2016-03-13 09:56:14.323052675 +0800 CST  Send Success 2016-03-13 09:56:14.323029397 +0800 CST 
2016-03-13 09:57:14.688311002 +0800 CST  Send Success 2016-03-13 09:57:14.688282578 +0800 CST 
2016-03-13 09:58:14.689287795 +0800 CST  Connect false count:1 
2016-03-13 09:58:14.689833319 +0800 CST  Connect false count:2 
2016-03-13 09:58:14.690414215 +0800 CST  Connect false count:3 
2016-03-13 09:58:14.690961146 +0800 CST  Connect false count:4 
2016-03-13 09:58:14.691503873 +0800 CST  Connect false count:5 
2016-03-13 09:58:14.692198037 +0800 CST  Connect false count:6 
2016-03-13 09:58:14.692861462 +0800 CST  Connect false count:7 
2016-03-13 09:58:14.693396153 +0800 CST  Connect false count:8 
2016-03-13 09:58:14.693942232 +0800 CST  Connect false count:9 
2016-03-13 09:58:14.694424097 +0800 CST  Connect false count:10 
2016-03-13 10:03:14.695101723 +0800 CST  Connect false count:11 
2016-03-13 10:08:14.696191027 +0800 CST  Connect false count:12 
2016-03-13 10:13:14.697161768 +0800 CST  Connect false count:13 
2016-03-13 10:18:14.698081908 +0800 CST  Connect false count:14 
2016-03-13 10:23:14.698930603 +0800 CST  Connect false count:15 
2016-03-13 10:28:14.700057684 +0800 CST  Connect false count:16 
2016-03-13 10:33:14.700690425 +0800 CST  Connect false count:17 
2016-03-13 10:38:14.701744629 +0800 CST  Connect false count:18 
2016-03-13 10:43:14.702387624 +0800 CST  Connect false count:19 
2016-03-13 10:48:14.703013213 +0800 CST  Connect false count:20 
2016-03-13 10:53:14.703581191 +0800 CST  Connect false count:21 
2016-03-13 10:58:14.704272391 +0800 CST  Connect false count:22 
2016-03-13 11:03:14.70490086 +0800 CST  Connect false count:23 
2016-03-13 11:08:14.705711932 +0800 CST  Connect false count:24 
2016-03-13 11:13:14.706707934 +0800 CST  Connect false count:25 
2016-03-13 11:18:14.707420739 +0800 CST  Connect false count:26 
2016-03-13 11:23:14.708536414 +0800 CST  Connect false count:27 
2016-03-13 11:28:14.70972543 +0800 CST  Connect false count:28 
2016-03-13 11:33:14.710517626 +0800 CST  Connect false count:29 
2016-03-13 11:38:14.711792106 +0800 CST  Connect false count:30 
2016-03-13 11:43:14.712462796 +0800 CST  Connect false count:31 
2016-03-13 11:48:14.713190958 +0800 CST  Connect false count:32 
2016-03-13 11:53:14.714148763 +0800 CST  Connect false count:33 
2016-03-13 11:58:14.715364098 +0800 CST  Connect false count:34 
2016-03-13 12:03:14.71645141 +0800 CST  Connect false count:35 
2016-03-13 12:08:14.717008288 +0800 CST  Connect false count:36 
2016-03-13 12:13:14.717648547 +0800 CST  Connect false count:37 
2016-03-13 12:18:14.718672129 +0800 CST  Connect false count:38 
2016-03-13 12:23:14.719669011 +0800 CST  Connect false count:39 
2016-03-13 12:28:14.720320925 +0800 CST  Connect false count:40 
2016-03-13 12:33:14.721261819 +0800 CST  Connect false count:41 
2016-03-13 12:38:14.722395749 +0800 CST  Connect false count:42 
2016-03-13 12:43:14.723440848 +0800 CST  Connect false count:43 
2016-03-13 12:48:14.724106965 +0800 CST  Connect false count:44 
2016-03-13 12:53:14.725172821 +0800 CST  Connect false count:45 
2016-03-13 12:58:14.726259762 +0800 CST  Connect false count:46 
2016-03-13 13:03:14.727297059 +0800 CST  Connect false count:47 
2016-03-13 13:08:14.728350282 +0800 CST  Connect false count:48 
2016-03-13 13:13:14.729126662 +0800 CST  Connect false count:49 
2016-03-13 13:18:14.730250533 +0800 CST  Connect false count:50 
2016-03-13 13:23:14.731035065 +0800 CST  Connect false count:51 
2016-03-13 13:28:14.732007399 +0800 CST  Connect false count:52 
2016-03-13 13:33:14.732987174 +0800 CST  Connect false count:53 
2016-03-13 13:38:14.733639693 +0800 CST  Connect false count:54 
2016-03-13 13:43:14.734713172 +0800 CST  Connect false count:55 
2016-03-13 13:48:14.735731582 +0800 CST  Connect false count:56 
2016-03-13 13:53:14.736797977 +0800 CST  Connect false count:57 
2016-03-13 13:58:14.737394017 +0800 CST  Connect false count:58 
2016-03-13 14:03:14.738509502 +0800 CST  Connect false count:59 
2016-03-13 14:08:14.739571606 +0800 CST  Connect false count:60 
2016-03-13 14:13:14.740200443 +0800 CST  Connect false count:61 
2016-03-13 14:18:14.740794794 +0800 CST  Connect false count:62 
2016-03-13 14:23:14.741617977 +0800 CST  Connect false count:63 
2016-03-13 14:28:14.742598404 +0800 CST  Connect false count:64 
2016-03-13 14:33:14.7434742 +0800 CST  Connect false count:65 
2016-03-13 14:38:14.744478832 +0800 CST  Connect false count:66 
2016-03-13 14:43:14.745597313 +0800 CST  Connect false count:67 
2016-03-13 14:48:14.746389613 +0800 CST  Connect false count:68 
2016-03-13 14:53:14.747063273 +0800 CST  Connect false count:69 
2016-03-13 14:58:14.748201768 +0800 CST  Connect false count:70 
2016-03-13 15:03:14.749426692 +0800 CST  Connect false count:71 
2016-03-13 15:08:14.750458264 +0800 CST  Connect false count:72 
2016-03-13 15:13:14.751722579 +0800 CST  Connect false count:73 
2016-03-13 15:18:14.752945609 +0800 CST  Connect false count:74 
2016-03-13 15:23:14.754210046 +0800 CST  Connect false count:75 
2016-03-13 15:28:14.755496141 +0800 CST  Connect false count:76 
2016-03-13 15:33:14.756768374 +0800 CST  Connect false count:77 
2016-03-13 15:38:14.757593442 +0800 CST  Connect false count:78 
2016-03-13 15:43:14.758639349 +0800 CST  Connect false count:79 
2016-03-13 15:48:14.759525059 +0800 CST  Connect false count:80 
2016-03-13 15:53:14.760815386 +0800 CST  Connect false count:81 
2016-03-13 15:58:14.761478745 +0800 CST  Connect false count:82 
2016-03-13 16:03:14.762115055 +0800 CST  Connect false count:83 
2016-03-13 16:08:14.763208209 +0800 CST  Connect false count:84 
2016-03-13 16:13:14.763909242 +0800 CST  Connect false count:85 
2016-03-13 16:18:14.765087769 +0800 CST  Connect false count:86 
2016-03-13 16:23:14.76607143 +0800 CST  Connect false count:87 
2016-03-13 16:28:14.767061531 +0800 CST  Connect false count:88 
2016-03-13 16:33:14.767815597 +0800 CST  Connect false count:89 
2016-03-13 16:38:14.768768182 +0800 CST  Connect false count:90 
2016-03-13 16:43:14.769843954 +0800 CST  Connect false count:91 
2016-03-13 16:48:14.770937786 +0800 CST  Connect false count:92 
2016-03-13 16:53:14.771986891 +0800 CST  Connect false count:93 
2016-03-13 16:58:14.772982075 +0800 CST  Connect false count:94 
2016-03-13 17:03:14.774072908 +0800 CST  Connect false count:95 
2016-03-13 17:08:14.774717473 +0800 CST  Connect false count:96 
2016-03-13 17:13:14.775452462 +0800 CST  Connect false count:97 
2016-03-13 17:18:14.776735259 +0800 CST  Connect false count:98 
2016-03-13 17:23:14.777902989 +0800 CST  Connect false count:99 
2016-03-13 17:28:14.778556528 +0800 CST  Connect false count:100 
2016-03-13 17:33:14.779193487 +0800 CST  Connect false count:101 
2016-03-13 17:38:14.780296858 +0800 CST  Connect false count:102 
2016-03-13 17:43:14.781323192 +0800 CST  Connect false count:103 
2016-03-13 17:48:14.782332583 +0800 CST  Connect false count:104 
2016-03-13 17:53:14.783426093 +0800 CST  Connect false count:105 
2016-03-13 17:58:14.784538268 +0800 CST  Connect false count:106 
2016-03-13 18:03:14.78559066 +0800 CST  Connect false count:107 
2016-03-13 18:08:14.786674073 +0800 CST  Connect false count:108 
2016-03-13 18:13:14.787464486 +0800 CST  Connect false count:109 
2016-03-13 18:18:14.788624073 +0800 CST  Connect false count:110 
2016-03-13 18:23:14.789732963 +0800 CST  Connect false count:111 
2016-03-13 18:28:14.790709348 +0800 CST  Connect false count:112 
2016-03-13 18:33:14.791696238 +0800 CST  Connect false count:113 
2016-03-13 18:38:14.792283346 +0800 CST  Connect false count:114 
2016-03-13 18:43:14.792866707 +0800 CST  Connect false count:115 
2016-03-13 18:48:14.7936126 +0800 CST  Connect false count:116 
2016-03-13 18:53:14.794577921 +0800 CST  Connect false count:117 
2016-03-13 18:58:14.795398496 +0800 CST  Connect false count:118 
2016-03-13 19:03:14.796410306 +0800 CST  Connect false count:119 
2016-03-13 19:08:14.797487719 +0800 CST  Connect false count:120 
2016-03-13 19:13:14.798353445 +0800 CST  Connect false count:121 
2016-03-13 19:18:14.799418387 +0800 CST  Connect false count:122 
2016-03-13 19:23:14.80027626 +0800 CST  Connect false count:123 
2016-03-13 19:28:14.801255114 +0800 CST  Connect false count:124 
2016-03-13 19:33:14.801973638 +0800 CST  Connect false count:125 
2016-03-13 19:38:14.80266921 +0800 CST  Connect false count:126 
2016-03-13 19:43:14.803807232 +0800 CST  Connect false count:127 
2016-03-13 19:48:14.804660536 +0800 CST  Connect false count:128 
2016-03-13 19:53:14.805311118 +0800 CST  Connect false count:129 
2016-03-13 19:58:14.806292428 +0800 CST  Connect false count:130 
2016-03-13 20:03:14.80740667 +0800 CST  Connect false count:131 
2016-03-13 20:08:14.808506401 +0800 CST  Connect false count:132 
2016-03-13 20:13:14.80917149 +0800 CST  Connect false count:133 
2016-03-13 20:18:14.810160897 +0800 CST  Connect false count:134 
2016-03-13 20:23:14.811227003 +0800 CST  Connect false count:135 
2016-03-13 20:28:14.812339542 +0800 CST  Connect false count:136 
2016-03-13 20:33:14.813346238 +0800 CST  Connect false count:137 
2016-03-13 20:38:14.814427476 +0800 CST  Connect false count:138 
2016-03-13 20:43:14.815448576 +0800 CST  Connect false count:139 
2016-03-13 20:48:14.816362526 +0800 CST  Connect false count:140 
2016-03-13 20:53:14.817247174 +0800 CST  Connect false count:141 
2016-03-13 20:58:14.818360501 +0800 CST  Connect false count:142 
2016-03-13 21:03:14.819473096 +0800 CST  Connect false count:143 
2016-03-13 21:08:14.820423492 +0800 CST  Connect false count:144 
2016-03-13 21:13:14.821504893 +0800 CST  Connect false count:145 
2016-03-13 21:18:14.822656437 +0800 CST  Connect false count:146 
2016-03-13 21:23:14.823466434 +0800 CST  Connect false count:147 
2016-03-13 21:28:14.824593476 +0800 CST  Connect false count:148 
2016-03-13 21:33:14.825801519 +0800 CST  Connect false count:149 
2016-03-13 21:38:14.826715982 +0800 CST  Connect false count:150 
2016-03-13 21:43:14.827563968 +0800 CST  Connect false count:151 
2016-03-13 21:48:14.828609521 +0800 CST  Connect false count:152 
2016-03-13 21:53:14.829665908 +0800 CST  Connect false count:153 
2016-03-13 21:58:14.831014326 +0800 CST  Connect false count:154 
2016-03-13 22:03:14.840543369 +0800 CST  Connect false count:155 
2016-03-13 22:08:14.841490312 +0800 CST  Connect false count:156 
2016-03-13 22:13:14.842139054 +0800 CST  Connect false count:157 
2016-03-13 22:18:14.843465707 +0800 CST  Connect false count:158 
2016-03-13 22:23:14.844118161 +0800 CST  Connect false count:159 
2016-03-13 22:28:14.844690426 +0800 CST  Connect false count:160 
2016-03-13 22:33:14.845972738 +0800 CST  Connect false count:161 
2016-03-13 22:38:14.846682854 +0800 CST  Connect false count:162 
2016-03-13 22:43:14.847478846 +0800 CST  Connect false count:163 
2016-03-13 22:48:14.848539502 +0800 CST  Connect false count:164 
2016-03-13 22:53:14.849258784 +0800 CST  Connect false count:165 
2016-03-13 22:58:14.85227001 +0800 CST  Connect false count:166 
2016-03-13 23:03:14.853851281 +0800 CST  Connect false count:167 
2016-03-13 23:08:14.854452403 +0800 CST  Connect false count:168 
2016-03-13 23:13:14.855481179 +0800 CST  Connect false count:169 
2016-03-13 23:18:14.856559284 +0800 CST  Connect false count:170 
2016-03-13 23:23:14.857790246 +0800 CST  Connect false count:171 
2016-03-13 23:28:14.858934101 +0800 CST  Connect false count:172 
2016-03-13 23:33:14.859613632 +0800 CST  Connect false count:173 
2016-03-13 23:38:14.860314646 +0800 CST  Connect false count:174 
2016-03-13 23:43:14.861380101 +0800 CST  Connect false count:175 
2016-03-13 23:48:14.862495697 +0800 CST  Connect false count:176 
2016-03-13 23:53:14.86344397 +0800 CST  Connect false count:177 
2016-03-13 23:58:14.864480821 +0800 CST  Connect false count:178 
2016-03-14 00:03:14.865617681 +0800 CST  Connect false count:179 
2016-03-14 00:08:14.866729857 +0800 CST  Connect false count:180 
2016-03-14 00:13:14.867983624 +0800 CST  Connect false count:181 
2016-03-14 00:18:14.869169361 +0800 CST  Connect false count:182 
2016-03-14 00:23:14.869821506 +0800 CST  Connect false count:183 
2016-03-14 00:28:14.87092544 +0800 CST  Connect false count:184 
2016-03-14 00:33:14.872102845 +0800 CST  Connect false count:185 
2016-03-14 00:38:14.873050783 +0800 CST  Connect false count:186 
2016-03-14 00:43:14.874249267 +0800 CST  Connect false count:187 
2016-03-14 00:48:14.87532078 +0800 CST  Connect false count:188 
2016-03-14 00:53:14.876619903 +0800 CST  Connect false count:189 
2016-03-14 00:58:14.877763269 +0800 CST  Connect false count:190 
2016-03-14 01:03:14.878710731 +0800 CST  Connect false count:191 
2016-03-14 01:08:14.879882537 +0800 CST  Connect false count:192 
2016-03-14 01:13:14.880646814 +0800 CST  Connect false count:193 
2016-03-14 01:18:14.881600177 +0800 CST  Connect false count:194 
2016-03-14 01:23:14.882690026 +0800 CST  Connect false count:195 
2016-03-14 01:28:14.88328291 +0800 CST  Connect false count:196 
2016-03-14 01:33:14.884604224 +0800 CST  Connect false count:197 
2016-03-14 01:38:14.885648427 +0800 CST  Connect false count:198 
2016-03-14 01:43:14.886590502 +0800 CST  Connect false count:199 
2016-03-14 01:48:14.887322386 +0800 CST  Connect false count:200 
2016-03-14 01:53:14.888188047 +0800 CST  Connect false count:201 
2016-03-14 01:58:14.888861684 +0800 CST  Connect false count:202 
2016-03-14 02:03:14.889744028 +0800 CST  Connect false count:203 
2016-03-14 02:08:14.890845331 +0800 CST  Connect false count:204 
2016-03-14 02:13:14.891884075 +0800 CST  Connect false count:205 
2016-03-14 02:18:14.893070107 +0800 CST  Connect false count:206 
2016-03-14 02:23:14.894115365 +0800 CST  Connect false count:207 
2016-03-14 02:28:14.894802908 +0800 CST  Connect false count:208 
2016-03-14 02:33:14.895932604 +0800 CST  Connect false count:209 
2016-03-14 02:38:14.897073623 +0800 CST  Connect false count:210 
2016-03-14 02:43:14.898126327 +0800 CST  Connect false count:211 
2016-03-14 02:48:14.899352544 +0800 CST  Connect false count:212 
2016-03-14 02:53:14.900612999 +0800 CST  Connect false count:213 
2016-03-14 02:58:14.901729859 +0800 CST  Connect false count:214 
2016-03-14 03:03:14.902774952 +0800 CST  Connect false count:215 
2016-03-14 03:08:14.904177315 +0800 CST  Connect false count:216 
2016-03-14 03:13:14.905322974 +0800 CST  Connect false count:217 
2016-03-14 03:18:14.906388846 +0800 CST  Connect false count:218 
2016-03-14 03:23:14.907736943 +0800 CST  Connect false count:219 
2016-03-14 03:28:14.90877835 +0800 CST  Connect false count:220 
2016-03-14 03:33:14.909966984 +0800 CST  Connect false count:221 
2016-03-14 03:38:14.910691785 +0800 CST  Connect false count:222 
2016-03-14 03:43:14.912078081 +0800 CST  Connect false count:223 
2016-03-14 03:48:14.913269269 +0800 CST  Connect false count:224 
2016-03-14 03:53:14.91441373 +0800 CST  Connect false count:225 
2016-03-14 03:58:14.91545294 +0800 CST  Connect false count:226 
2016-03-14 04:03:14.916507149 +0800 CST  Connect false count:227 
2016-03-14 04:08:14.917549784 +0800 CST  Connect false count:228 
2016-03-14 04:13:14.918588783 +0800 CST  Connect false count:229 
2016-03-14 04:18:14.919654005 +0800 CST  Connect false count:230 
2016-03-14 04:23:14.920764207 +0800 CST  Connect false count:231 
2016-03-14 04:28:14.92167384 +0800 CST  Connect false count:232 
2016-03-14 04:33:14.922772919 +0800 CST  Connect false count:233 
2016-03-14 04:38:14.923969156 +0800 CST  Connect false count:234 
2016-03-14 04:43:14.925187937 +0800 CST  Connect false count:235 
2016-03-14 04:48:14.926298355 +0800 CST  Connect false count:236 
2016-03-14 04:53:14.927401605 +0800 CST  Connect false count:237 
2016-03-14 04:58:14.928617441 +0800 CST  Connect false count:238 
2016-03-14 05:03:14.929742515 +0800 CST  Connect false count:239 
2016-03-14 05:08:14.93064315 +0800 CST  Connect false count:240 
2016-03-14 05:13:14.931726993 +0800 CST  Connect false count:241 
2016-03-14 05:18:14.933024048 +0800 CST  Connect false count:242 
2016-03-14 05:23:14.934343929 +0800 CST  Connect false count:243 
2016-03-14 05:28:14.935490637 +0800 CST  Connect false count:244 
2016-03-14 05:33:14.936866518 +0800 CST  Connect false count:245 
2016-03-14 05:38:14.937916363 +0800 CST  Connect false count:246 
2016-03-14 05:43:14.939266122 +0800 CST  Connect false count:247 
2016-03-14 05:48:14.940484145 +0800 CST  Connect false count:248 
2016-03-14 05:53:14.941723646 +0800 CST  Connect false count:249 
2016-03-14 05:58:14.942962737 +0800 CST  Connect false count:250 
2016-03-14 06:03:14.944239498 +0800 CST  Connect false count:251 
2016-03-14 06:08:14.945298818 +0800 CST  Connect false count:252 
2016-03-14 06:13:14.946268727 +0800 CST  Connect false count:253 
2016-03-14 06:18:14.947583504 +0800 CST  Connect false count:254 
2016-03-14 06:23:14.94867713 +0800 CST  Connect false count:255 
2016-03-14 06:28:14.949319727 +0800 CST  Connect false count:256 
2016-03-14 06:33:14.950675268 +0800 CST  Connect false count:257 
2016-03-14 06:38:14.951695106 +0800 CST  Connect false count:258 
2016-03-14 06:43:14.953015635 +0800 CST  Connect false count:259 
2016-03-14 06:48:14.954168033 +0800 CST  Connect false count:260 
2016-03-14 06:53:14.955258058 +0800 CST  Connect false count:261 
2016-03-14 06:58:14.956276485 +0800 CST  Connect false count:262 
2016-03-14 07:03:14.957509198 +0800 CST  Connect false count:263 
2016-03-14 07:08:14.95824001 +0800 CST  Connect false count:264 
2016-03-14 07:13:14.959473117 +0800 CST  Connect false count:265 
2016-03-14 07:18:14.960645245 +0800 CST  Connect false count:266 
2016-03-14 07:23:14.961787662 +0800 CST  Connect false count:267 
2016-03-14 07:28:14.962936136 +0800 CST  Connect false count:268 
2016-03-14 07:33:14.964046463 +0800 CST  Connect false count:269 
2016-03-14 07:38:14.965076619 +0800 CST  Connect false count:270 
2016-03-14 07:43:14.981421707 +0800 CST  Connect false count:271 
2016-03-14 07:48:14.98277657 +0800 CST  Connect false count:272 
2016-03-14 07:53:14.983868765 +0800 CST  Connect false count:273 
2016-03-14 07:58:14.985030033 +0800 CST  Connect false count:274 
2016-03-14 08:03:14.986225648 +0800 CST  Connect false count:275 
2016-03-14 08:08:14.987392821 +0800 CST  Connect false count:276 
2016-03-14 08:13:14.98850174 +0800 CST  Connect false count:277 
2016-03-14 08:18:14.989615182 +0800 CST  Connect false count:278 
2016-03-14 08:23:14.990436677 +0800 CST  Connect false count:279 
2016-03-14 08:28:14.991569973 +0800 CST  Connect false count:280 
2016-03-14 08:33:14.992764997 +0800 CST  Connect false count:281 
2016-03-14 08:38:14.993810817 +0800 CST  Connect false count:282 
2016-03-14 08:43:14.995082026 +0800 CST  Connect false count:283 
2016-03-14 08:48:14.99646048 +0800 CST  Connect false count:284 
2016-03-14 08:53:14.997396216 +0800 CST  Connect false count:285 
2016-03-14 08:58:14.998284291 +0800 CST  Connect false count:286 
2016-03-14 09:03:14.999478932 +0800 CST  Connect false count:287 
2016-03-14 09:08:15.000635631 +0800 CST  Connect false count:288 
2016-03-14 09:13:15.001753415 +0800 CST  Connect false count:289 
2016-03-14 09:18:15.002883443 +0800 CST  Connect false count:290 
2016-03-14 09:23:15.004024572 +0800 CST  Connect false count:291 
2016-03-14 09:28:15.005085372 +0800 CST  Connect false count:292 
2016-03-14 09:33:15.006213814 +0800 CST  Connect false count:293 
2016-03-14 09:38:15.007551673 +0800 CST  Connect false count:294 
2016-03-14 09:43:15.008788022 +0800 CST  Connect false count:295 
2016-03-14 09:48:15.009713397 +0800 CST  Connect false count:296 
2016-03-14 09:53:15.010807478 +0800 CST  Connect false count:297 
2016-03-14 09:58:15.011642936 +0800 CST  Connect false count:298 
2016-03-14 10:03:15.012517389 +0800 CST  Connect false count:299 
2016-03-14 10:08:15.01366692 +0800 CST  Connect false count:300 
2016-03-14 10:13:15.014968457 +0800 CST  Connect false count:301 
2016-03-14 10:18:15.016083922 +0800 CST  Connect false count:302 
2016-03-14 10:23:15.017005403 +0800 CST  Connect false count:303 
2016-03-14 10:28:15.017886668 +0800 CST  Connect false count:304 
2016-03-14 10:33:15.018931853 +0800 CST  Connect false count:305 
2016-03-14 10:38:15.02009477 +0800 CST  Connect false count:306 
2016-03-14 10:43:15.021175345 +0800 CST  Connect false count:307 
2016-03-14 10:48:15.022164668 +0800 CST  Connect false count:308 
2016-03-14 10:53:15.023395085 +0800 CST  Connect false count:309 
2016-03-14 10:58:15.024651272 +0800 CST  Connect false count:310 
2016-03-14 11:03:15.025659595 +0800 CST  Connect false count:311 
2016-03-14 11:08:15.026749362 +0800 CST  Connect false count:312 
2016-03-14 11:13:15.028121502 +0800 CST  Connect false count:313 
2016-03-14 11:18:15.029364213 +0800 CST  Connect false count:314 
2016-03-14 11:23:15.030590935 +0800 CST  Connect false count:315 
2016-03-14 11:28:15.031705236 +0800 CST  Connect false count:316 
2016-03-14 11:33:15.033048242 +0800 CST  Connect false count:317 
2016-03-14 11:38:15.034275518 +0800 CST  Connect false count:318 
2016-03-14 11:43:15.035366655 +0800 CST  Connect false count:319 
2016-03-14 11:48:15.036465443 +0800 CST  Connect false count:320 
2016-03-14 11:53:15.037499457 +0800 CST  Connect false count:321 
2016-03-14 11:58:15.038563015 +0800 CST  Connect false count:322 
2016-03-14 12:03:15.039632851 +0800 CST  Connect false count:323 
2016-03-14 12:08:15.040749507 +0800 CST  Connect false count:324 
2016-03-14 12:13:15.042021394 +0800 CST  Connect false count:325 
2016-03-14 12:18:15.054350287 +0800 CST  Connect false count:326 
2016-03-14 12:23:15.055072838 +0800 CST  Connect false count:327 
2016-03-14 12:28:15.056361569 +0800 CST  Connect false count:328 
2016-03-14 12:33:15.057679478 +0800 CST  Connect false count:329 
2016-03-14 12:38:15.058700585 +0800 CST  Connect false count:330 
2016-03-14 12:43:15.059715121 +0800 CST  Connect false count:331 
2016-03-14 12:48:15.0606893 +0800 CST  Connect false count:332 
2016-03-14 12:53:15.061905445 +0800 CST  Connect false count:333 
2016-03-14 12:58:15.062927692 +0800 CST  Connect false count:334 
2016-03-14 13:03:15.064241185 +0800 CST  Connect false count:335 
2016-03-14 13:08:15.065285279 +0800 CST  Connect false count:336 
2016-03-14 13:13:15.066373983 +0800 CST  Connect false count:337 
2016-03-14 13:18:15.067537548 +0800 CST  Connect false count:338 
2016-03-14 13:23:15.068174301 +0800 CST  Connect false count:339 
2016-03-14 13:28:15.068911049 +0800 CST  Connect false count:340 
2016-03-14 13:33:15.070008403 +0800 CST  Connect false count:341 
2016-03-14 13:38:15.071076351 +0800 CST  Connect false count:342 
2016-03-14 13:43:15.072198744 +0800 CST  Connect false count:343 
2016-03-14 13:48:15.073341404 +0800 CST  Connect false count:344 
2016-03-14 13:53:15.074482619 +0800 CST  Connect false count:345 
2016-03-14 13:58:15.07528741 +0800 CST  Connect false count:346 
2016-03-14 14:03:15.075902048 +0800 CST  Connect false count:347 
2016-03-14 14:08:15.076567982 +0800 CST  Connect false count:348 
2016-03-14 14:13:15.077569349 +0800 CST  Connect false count:349 
2016-03-14 14:18:15.078715628 +0800 CST  Connect false count:350 
2016-03-14 14:23:15.079336322 +0800 CST  Connect false count:351 
2016-03-14 14:28:15.08053398 +0800 CST  Connect false count:352 
2016-03-14 14:33:15.081890042 +0800 CST  Connect false count:353 
2016-03-14 14:38:15.08281332 +0800 CST  Connect false count:354 
2016-03-14 14:43:15.084080444 +0800 CST  Connect false count:355 
2016-03-14 14:48:15.085423542 +0800 CST  Connect false count:356 
2016-03-14 14:53:15.086460799 +0800 CST  Connect false count:357 
2016-03-14 14:58:15.087520662 +0800 CST  Connect false count:358 
2016-03-14 15:03:15.088577077 +0800 CST  Connect false count:359 
2016-03-14 15:08:15.089263024 +0800 CST  Connect false count:360 
2016-03-14 15:13:15.09054091 +0800 CST  Connect false count:361 
2016-03-14 15:18:15.091283307 +0800 CST  Connect false count:362 
2016-03-14 15:23:15.092223193 +0800 CST  Connect false count:363 
2016-03-14 15:28:15.093259184 +0800 CST  Connect false count:364 
2016-03-14 15:33:15.094345247 +0800 CST  Connect false count:365 
2016-03-14 15:38:15.095429489 +0800 CST  Connect false count:366 
2016-03-14 15:43:15.096709034 +0800 CST  Connect false count:367 
2016-03-14 15:48:15.0978047 +0800 CST  Connect false count:368 
2016-03-14 15:53:15.098768706 +0800 CST  Connect false count:369 
2016-03-14 15:58:15.100053811 +0800 CST  Connect false count:370 
2016-03-14 16:03:15.101268816 +0800 CST  Connect false count:371 
2016-03-14 16:08:15.102295119 +0800 CST  Connect false count:372 
2016-03-14 16:13:15.103374699 +0800 CST  Connect false count:373 
2016-03-14 16:18:15.104415055 +0800 CST  Connect false count:374 
2016-03-14 16:23:15.105442953 +0800 CST  Connect false count:375 
2016-03-14 16:28:15.10660919 +0800 CST  Connect false count:376 
2016-03-14 16:33:15.107329745 +0800 CST  Connect false count:377 
2016-03-14 16:38:15.108444907 +0800 CST  Connect false count:378 
2016-03-14 16:43:15.109109331 +0800 CST  Connect false count:379 
2016-03-14 16:48:15.109720063 +0800 CST  Connect false count:380 
2016-03-14 16:53:15.110563228 +0800 CST  Connect false count:381 
2016-03-14 16:58:15.111719634 +0800 CST  Connect false count:382 
2016-03-14 17:03:15.112854346 +0800 CST  Connect false count:383 
2016-03-14 17:08:15.114078954 +0800 CST  Connect false count:384 
2016-03-14 17:13:15.114991249 +0800 CST  Connect false count:385 
2016-03-14 17:18:15.115677348 +0800 CST  Connect false count:386 
2016-03-14 17:23:15.116362075 +0800 CST  Connect false count:387 
2016-03-14 17:28:15.117241427 +0800 CST  Connect false count:388 
2016-03-14 17:33:15.118272306 +0800 CST  Connect false count:389 
2016-03-14 17:38:15.119595878 +0800 CST  Connect false count:390 
2016-03-14 17:43:15.120923961 +0800 CST  Connect false count:391 
2016-03-14 17:48:15.12152006 +0800 CST  Connect false count:392 
2016-03-14 17:53:15.122840165 +0800 CST  Connect false count:393 
2016-03-14 17:58:15.124285419 +0800 CST  Connect false count:394 
2016-03-14 18:03:15.125638943 +0800 CST  Connect false count:395 
2016-03-14 18:08:15.126376361 +0800 CST  Connect false count:396 
2016-03-14 18:13:15.127568579 +0800 CST  Connect false count:397 
2016-03-14 18:18:15.128902585 +0800 CST  Connect false count:398 
2016-03-14 18:23:15.129864968 +0800 CST  Connect false count:399 
2016-03-14 18:28:15.130560887 +0800 CST  Connect false count:400 
2016-03-14 18:33:15.13162229 +0800 CST  Connect false count:401 
2016-03-14 18:38:15.13265007 +0800 CST  Connect false count:402 
2016-03-14 18:43:15.133312407 +0800 CST  Connect false count:403 
2016-03-14 18:48:15.133963819 +0800 CST  Connect false count:404 
2016-03-14 18:53:15.135280273 +0800 CST  Connect false count:405 
2016-03-14 18:58:15.136430584 +0800 CST  Connect false count:406 
2016-03-14 19:03:15.13749036 +0800 CST  Connect false count:407 
2016-03-14 19:08:15.138790741 +0800 CST  Connect false count:408 
2016-03-14 19:13:15.139731639 +0800 CST  Connect false count:409 
2016-03-14 19:18:15.140869653 +0800 CST  Connect false count:410 
2016-03-14 19:23:15.14213771 +0800 CST  Connect false count:411 
2016-03-14 19:28:15.143196348 +0800 CST  Connect false count:412 
2016-03-14 19:33:15.144415975 +0800 CST  Connect false count:413 
2016-03-14 19:38:15.145697528 +0800 CST  Connect false count:414 
2016-03-14 19:43:15.146850372 +0800 CST  Connect false count:415 
2016-03-14 19:48:15.147880698 +0800 CST  Connect false count:416 
2016-03-14 19:53:15.149214695 +0800 CST  Connect false count:417 
2016-03-14 19:58:15.150397366 +0800 CST  Connect false count:418 
2016-03-14 20:03:15.151630704 +0800 CST  Connect false count:419 
2016-03-14 20:08:15.152686006 +0800 CST  Connect false count:420 
2016-03-14 20:13:15.153867722 +0800 CST  Connect false count:421 
2016-03-14 20:18:15.154932766 +0800 CST  Connect false count:422 
2016-03-14 20:23:15.156192112 +0800 CST  Connect false count:423 
2016-03-14 20:28:15.157405342 +0800 CST  Connect false count:424 
2016-03-14 20:33:15.158097632 +0800 CST  Connect false count:425 
2016-03-14 20:38:15.159131376 +0800 CST  Connect false count:426 
2016-03-14 20:43:15.160347699 +0800 CST  Connect false count:427 
2016-03-14 20:48:15.161382386 +0800 CST  Connect false count:428 
2016-03-14 20:53:15.162649551 +0800 CST  Connect false count:429 
2016-03-14 20:58:15.163772163 +0800 CST  Connect false count:430 
2016-03-14 21:03:15.16498582 +0800 CST  Connect false count:431 
2016-03-14 21:08:15.165867838 +0800 CST  Connect false count:432 
2016-03-14 21:13:15.166519735 +0800 CST  Connect false count:433 
2016-03-14 21:18:15.167573447 +0800 CST  Connect false count:434 
2016-03-14 21:23:15.168344259 +0800 CST  Connect false count:435 
2016-03-14 21:28:15.169331807 +0800 CST  Connect false count:436 
2016-03-14 21:33:15.170131835 +0800 CST  Connect false count:437 
2016-03-14 21:38:15.171437663 +0800 CST  Connect false count:438 
2016-03-14 21:43:15.172295175 +0800 CST  Connect false count:439 
2016-03-14 21:48:15.172924677 +0800 CST  Connect false count:440 
2016-03-14 21:53:15.174003559 +0800 CST  Connect false count:441 
2016-03-14 21:58:15.175207074 +0800 CST  Connect false count:442 
2016-03-14 22:03:15.176327426 +0800 CST  Connect false count:443 
2016-03-14 22:08:15.177005547 +0800 CST  Connect false count:444 
2016-03-14 22:13:15.177877063 +0800 CST  Connect false count:445 
2016-03-14 22:18:15.178996096 +0800 CST  Connect false count:446 
2016-03-14 22:23:15.180249913 +0800 CST  Connect false count:447 
2016-03-14 22:28:15.181595242 +0800 CST  Connect false count:448 
2016-03-14 22:33:15.182777734 +0800 CST  Connect false count:449 
2016-03-14 22:38:15.18395154 +0800 CST  Connect false count:450 
2016-03-14 22:43:15.184856601 +0800 CST  Connect false count:451 
2016-03-14 22:48:15.185869409 +0800 CST  Connect false count:452 
2016-03-14 22:53:15.186816621 +0800 CST  Connect false count:453 
2016-03-14 22:58:15.18774335 +0800 CST  Connect false count:454 
2016-03-14 23:03:15.188729838 +0800 CST  Connect false count:455 
2016-03-14 23:08:15.189869767 +0800 CST  Connect false count:456 
2016-03-14 23:13:15.19108415 +0800 CST  Connect false count:457 
2016-03-14 23:18:15.19222726 +0800 CST  Connect false count:458 
2016-03-14 23:23:15.193541265 +0800 CST  Connect false count:459 
2016-03-14 23:28:15.19459233 +0800 CST  Connect false count:460 
2016-03-14 23:33:15.195990535 +0800 CST  Connect false count:461 
2016-03-14 23:38:15.197062918 +0800 CST  Connect false count:462 
2016-03-14 23:43:15.198338727 +0800 CST  Connect false count:463 
2016-03-14 23:48:15.199408994 +0800 CST  Connect false count:464 
2016-03-14 23:53:15.200273028 +0800 CST  Connect false count:465 
2016-03-14 23:58:15.201351812 +0800 CST  Connect false count:466 
2016-03-15 00:03:15.202432076 +0800 CST  Connect false count:467 
2016-03-15 00:08:15.203545837 +0800 CST  Connect false count:468 
2016-03-15 00:13:15.204496786 +0800 CST  Connect false count:469 
2016-03-15 00:18:15.205184008 +0800 CST  Connect false count:470 
2016-03-15 00:23:15.206311239 +0800 CST  Connect false count:471 
2016-03-15 00:28:15.207161302 +0800 CST  Connect false count:472 
2016-03-15 00:33:15.208320384 +0800 CST  Connect false count:473 
2016-03-15 00:38:15.209475907 +0800 CST  Connect false count:474 
2016-03-15 00:43:15.210629632 +0800 CST  Connect false count:475 
2016-03-15 00:48:15.211825764 +0800 CST  Connect false count:476 
2016-03-15 00:53:15.212804626 +0800 CST  Connect false count:477 
2016-03-15 00:58:15.213808993 +0800 CST  Connect false count:478 
2016-03-15 01:03:15.21507722 +0800 CST  Connect false count:479 
2016-03-15 01:08:15.216383045 +0800 CST  Connect false count:480 
2016-03-15 01:13:15.217662638 +0800 CST  Connect false count:481 
2016-03-15 01:18:15.218724926 +0800 CST  Connect false count:482 
2016-03-15 01:23:15.219856535 +0800 CST  Connect false count:483 
2016-03-15 01:28:15.220957467 +0800 CST  Connect false count:484 
2016-03-15 01:33:15.222083818 +0800 CST  Connect false count:485 
2016-03-15 01:38:15.223239884 +0800 CST  Connect false count:486 
2016-03-15 01:43:15.224400048 +0800 CST  Connect false count:487 
2016-03-15 01:48:15.225458495 +0800 CST  Connect false count:488 
2016-03-15 01:53:15.226413024 +0800 CST  Connect false count:489 
2016-03-15 01:58:15.227445322 +0800 CST  Connect false count:490 
2016-03-15 02:03:15.228575016 +0800 CST  Connect false count:491 
2016-03-15 02:08:15.229713311 +0800 CST  Connect false count:492 
2016-03-15 02:13:15.231052938 +0800 CST  Connect false count:493 
2016-03-15 02:18:15.232212455 +0800 CST  Connect false count:494 
2016-03-15 02:23:15.233446854 +0800 CST  Connect false count:495 
2016-03-15 02:28:15.234503571 +0800 CST  Connect false count:496 
2016-03-15 02:33:15.235186107 +0800 CST  Connect false count:497 
2016-03-15 02:38:15.236442163 +0800 CST  Connect false count:498 
2016-03-15 02:43:15.237349734 +0800 CST  Connect false count:499 
2016-03-15 02:48:15.238484432 +0800 CST  Connect false count:500 
2016-03-15 02:53:15.239636266 +0800 CST  Connect false count:501 
2016-03-15 02:58:15.240901756 +0800 CST  Connect false count:502 
2016-03-15 03:03:15.241876197 +0800 CST  Connect false count:503 
2016-03-15 03:08:15.243026141 +0800 CST  Connect false count:504 
2016-03-15 03:13:15.243989391 +0800 CST  Connect false count:505 
2016-03-15 03:18:15.245028168 +0800 CST  Connect false count:506 
2016-03-15 03:23:15.245722179 +0800 CST  Connect false count:507 
2016-03-15 03:28:15.246751357 +0800 CST  Connect false count:508 
2016-03-15 03:33:15.248137059 +0800 CST  Connect false count:509 
2016-03-15 03:38:15.248811517 +0800 CST  Connect false count:510 
2016-03-15 03:43:15.249462069 +0800 CST  Connect false count:511 
2016-03-15 03:48:15.250634659 +0800 CST  Connect false count:512 
2016-03-15 03:53:15.251649744 +0800 CST  Connect false count:513 
2016-03-15 03:58:15.252772062 +0800 CST  Connect false count:514 
2016-03-15 04:03:15.253890414 +0800 CST  Connect false count:515 
2016-03-15 04:08:15.254967938 +0800 CST  Connect false count:516 
2016-03-15 04:13:15.256039998 +0800 CST  Connect false count:517 
2016-03-15 04:18:15.257078006 +0800 CST  Connect false count:518 
2016-03-15 04:23:15.257803107 +0800 CST  Connect false count:519 
2016-03-15 04:28:15.258870399 +0800 CST  Connect false count:520 
2016-03-15 04:33:15.259809057 +0800 CST  Connect false count:521 
2016-03-15 04:38:15.26093693 +0800 CST  Connect false count:522 
2016-03-15 04:43:15.262000821 +0800 CST  Connect false count:523 
2016-03-15 04:48:15.263093698 +0800 CST  Connect false count:524 
2016-03-15 04:53:15.264280726 +0800 CST  Connect false count:525 
2016-03-15 04:58:15.265438435 +0800 CST  Connect false count:526 
2016-03-15 05:03:15.266591408 +0800 CST  Connect false count:527 
2016-03-15 05:08:15.267566554 +0800 CST  Connect false count:528 
2016-03-15 05:13:15.26834128 +0800 CST  Connect false count:529 
2016-03-15 05:18:15.269221429 +0800 CST  Connect false count:530 
2016-03-15 05:23:15.27026332 +0800 CST  Connect false count:531 
2016-03-15 05:28:15.271433923 +0800 CST  Connect false count:532 
2016-03-15 05:33:15.27235452 +0800 CST  Connect false count:533 
2016-03-15 05:38:15.273488741 +0800 CST  Connect false count:534 
2016-03-15 05:43:15.274554241 +0800 CST  Connect false count:535 
2016-03-15 05:48:15.275602682 +0800 CST  Connect false count:536 
2016-03-15 05:53:15.276624379 +0800 CST  Connect false count:537 
2016-03-15 05:58:15.277761347 +0800 CST  Connect false count:538 
2016-03-15 06:03:15.278893188 +0800 CST  Connect false count:539 
2016-03-15 06:08:15.279940439 +0800 CST  Connect false count:540 
2016-03-15 06:13:15.280623702 +0800 CST  Connect false count:541 
2016-03-15 06:18:15.281635308 +0800 CST  Connect false count:542 
2016-03-15 06:23:15.282838716 +0800 CST  Connect false count:543 
2016-03-15 06:28:15.284034777 +0800 CST  Connect false count:544 
2016-03-15 06:33:15.285077489 +0800 CST  Connect false count:545 
2016-03-15 06:38:15.286103133 +0800 CST  Connect false count:546 
2016-03-15 06:43:15.286754035 +0800 CST  Connect false count:547 
2016-03-15 06:48:15.287786242 +0800 CST  Connect false count:548 
2016-03-15 06:53:15.28870668 +0800 CST  Connect false count:549 
2016-03-15 06:58:15.289410556 +0800 CST  Connect false count:550 
2016-03-15 07:03:15.290530579 +0800 CST  Connect false count:551 
2016-03-15 07:08:15.291565204 +0800 CST  Connect false count:552 
2016-03-15 07:13:15.292912106 +0800 CST  Connect false count:553 
2016-03-15 07:18:15.294134554 +0800 CST  Connect false count:554 
2016-03-15 07:23:15.295247866 +0800 CST  Connect false count:555 
2016-03-15 07:28:15.296222349 +0800 CST  Connect false count:556 
2016-03-15 07:33:15.297399884 +0800 CST  Connect false count:557 
2016-03-15 07:38:15.298644819 +0800 CST  Connect false count:558 
2016-03-15 07:43:15.299920509 +0800 CST  Connect false count:559 
2016-03-15 07:48:15.300877027 +0800 CST  Connect false count:560 
2016-03-15 07:53:15.301739016 +0800 CST  Connect false count:561 
2016-03-15 07:58:15.302942006 +0800 CST  Connect false count:562 
2016-03-15 08:03:15.30411155 +0800 CST  Connect false count:563 
2016-03-15 08:08:15.305192846 +0800 CST  Connect false count:564 
2016-03-15 08:13:15.30584867 +0800 CST  Connect false count:565 
2016-03-15 08:18:15.30702848 +0800 CST  Connect false count:566 
2016-03-15 08:23:15.308333999 +0800 CST  Connect false count:567 
2016-03-15 08:28:15.30942224 +0800 CST  Connect false count:568 
2016-03-15 08:33:15.310820961 +0800 CST  Connect false count:569 
2016-03-15 08:38:15.311946349 +0800 CST  Connect false count:570 
2016-03-15 08:43:15.312897889 +0800 CST  Connect false count:571 
2016-03-15 08:48:15.314079697 +0800 CST  Connect false count:572 
2016-03-15 08:53:15.315051995 +0800 CST  Connect false count:573 
2016-03-15 08:58:15.316185538 +0800 CST  Connect false count:574 
2016-03-15 09:03:15.317245306 +0800 CST  Connect false count:575 
2016-03-15 09:08:15.31844129 +0800 CST  Connect false count:576 
2016-03-15 09:13:15.319509907 +0800 CST  Connect false count:577 
2016-03-15 09:18:15.320173025 +0800 CST  Connect false count:578 
2016-03-15 09:23:15.321231721 +0800 CST  Connect false count:579 
2016-03-15 09:28:15.321948426 +0800 CST  Connect false count:580 
2016-03-15 09:33:15.322760565 +0800 CST  Connect false count:581 
2016-03-15 09:38:15.323809874 +0800 CST  Connect false count:582 
2016-03-15 09:43:15.324989527 +0800 CST  Connect false count:583 
2016-03-15 09:48:15.326138614 +0800 CST  Connect false count:584 
2016-03-15 09:53:15.326951507 +0800 CST  Connect false count:585 
2016-03-15 09:58:15.328193754 +0800 CST  Connect false count:586 
2016-03-15 10:03:15.328954527 +0800 CST  Connect false count:587 
2016-03-15 10:08:15.33004773 +0800 CST  Connect false count:588 
2016-03-15 10:13:15.331400915 +0800 CST  Connect false count:589 
2016-03-15 10:18:15.332148702 +0800 CST  Connect false count:590 
2016-03-15 10:23:15.33327653 +0800 CST  Connect false count:591 
2016-03-15 10:28:15.334377907 +0800 CST  Connect false count:592 
2016-03-15 10:33:15.335526268 +0800 CST  Connect false count:593 
2016-03-15 10:38:15.336572233 +0800 CST  Connect false count:594 
2016-03-15 10:43:15.337568603 +0800 CST  Connect false count:595 
2016-03-15 10:48:15.338662304 +0800 CST  Connect false count:596 
2016-03-15 10:53:15.339308321 +0800 CST  Connect false count:597 
2016-03-15 10:58:15.34038001 +0800 CST  Connect false count:598 
2016-03-15 11:03:15.341483368 +0800 CST  Connect false count:599 
2016-03-15 11:08:15.342605732 +0800 CST  Connect false count:600 
2016-03-15 11:13:15.343550181 +0800 CST  Connect false count:601 
2016-03-15 11:18:15.344355425 +0800 CST  Connect false count:602 
2016-03-15 11:23:15.345279425 +0800 CST  Connect false count:603 
2016-03-15 11:28:15.346201583 +0800 CST  Connect false count:604 
2016-03-15 11:33:15.347301398 +0800 CST  Connect false count:605 
2016-03-15 11:38:15.34837541 +0800 CST  Connect false count:606 
2016-03-15 11:43:15.349538161 +0800 CST  Connect false count:607 
2016-03-15 11:48:15.350209352 +0800 CST  Connect false count:608 
2016-03-15 11:53:15.351119838 +0800 CST  Connect false count:609 
2016-03-15 11:58:15.352139627 +0800 CST  Connect false count:610 
2016-03-15 12:03:15.353167751 +0800 CST  Connect false count:611 
2016-03-15 12:08:15.354167067 +0800 CST  Connect false count:612 
2016-03-15 12:13:15.355167901 +0800 CST  Connect false count:613 
2016-03-15 12:18:15.356215009 +0800 CST  Connect false count:614 
2016-03-15 12:23:15.357241812 +0800 CST  Connect false count:615 
2016-03-15 12:28:15.358319503 +0800 CST  Connect false count:616 
2016-03-15 12:33:15.35910498 +0800 CST  Connect false count:617 
2016-03-15 12:38:15.36037785 +0800 CST  Connect false count:618 
2016-03-15 12:43:15.361045279 +0800 CST  Connect false count:619 
2016-03-15 12:48:15.362191674 +0800 CST  Connect false count:620 
2016-03-15 12:53:15.363290758 +0800 CST  Connect false count:621 
2016-03-15 12:58:15.36447983 +0800 CST  Connect false count:622 
2016-03-15 13:03:15.365538948 +0800 CST  Connect false count:623 
2016-03-15 13:08:15.36683915 +0800 CST  Connect false count:624 
2016-03-15 13:13:15.367876986 +0800 CST  Connect false count:625 
2016-03-15 13:18:15.376807123 +0800 CST  Connect false count:626 
2016-03-15 13:23:15.377800625 +0800 CST  Connect false count:627 
2016-03-15 13:28:15.378955445 +0800 CST  Connect false count:628 
2016-03-15 13:33:15.380482559 +0800 CST  Connect false count:629 
2016-03-15 13:38:15.381740932 +0800 CST  Connect false count:630 
2016-03-15 13:43:15.382429958 +0800 CST  Connect false count:631 
2016-03-15 13:48:15.38360973 +0800 CST  Connect false count:632 
2016-03-15 13:53:15.384592114 +0800 CST  Connect false count:633 
2016-03-15 13:58:15.38581374 +0800 CST  Connect false count:634 
2016-03-15 14:03:15.386831202 +0800 CST  Connect false count:635 
2016-03-15 14:08:15.388107056 +0800 CST  Connect false count:636 
2016-03-15 14:13:15.389495373 +0800 CST  Connect false count:637 
2016-03-15 14:18:15.390607628 +0800 CST  Connect false count:638 
2016-03-15 14:23:15.391705204 +0800 CST  Connect false count:639 
2016-03-15 14:28:15.393093982 +0800 CST  Connect false count:640 
2016-03-15 14:33:15.394313324 +0800 CST  Connect false count:641 
2016-03-15 14:38:15.395220926 +0800 CST  Connect false count:642 
2016-03-15 14:43:15.396403228 +0800 CST  Connect false count:643 
2016-03-15 14:48:15.397557141 +0800 CST  Connect false count:644 
2016-03-15 14:53:15.39831906 +0800 CST  Connect false count:645 
2016-03-15 14:58:15.399189614 +0800 CST  Connect false count:646 
2016-03-15 15:03:15.399931459 +0800 CST  Connect false count:647 
2016-03-15 15:08:15.400801038 +0800 CST  Connect false count:648 
2016-03-15 15:13:15.401459174 +0800 CST  Connect false count:649 
2016-03-15 15:18:15.402665946 +0800 CST  Connect false count:650 
2016-03-15 15:23:15.403369411 +0800 CST  Connect false count:651 
2016-03-15 15:28:15.404514808 +0800 CST  Connect false count:652 
2016-03-15 15:33:15.405678837 +0800 CST  Connect false count:653 
2016-03-15 15:38:15.406411212 +0800 CST  Connect false count:654 
2016-03-15 15:43:15.407300851 +0800 CST  Connect false count:655 
2016-03-15 15:48:15.408318624 +0800 CST  Connect false count:656 
2016-03-15 15:53:15.409428447 +0800 CST  Connect false count:657 
2016-03-15 15:58:15.410572955 +0800 CST  Connect false count:658 
2016-03-15 16:03:15.411865328 +0800 CST  Connect false count:659 
2016-03-15 16:08:15.413260701 +0800 CST  Connect false count:660 
2016-03-15 16:13:15.414261287 +0800 CST  Connect false count:661 
2016-03-15 16:18:15.415377779 +0800 CST  Connect false count:662 
2016-03-15 16:23:15.41650137 +0800 CST  Connect false count:663 
2016-03-15 16:28:15.417201714 +0800 CST  Connect false count:664 
2016-03-15 16:33:15.418473839 +0800 CST  Connect false count:665 
2016-03-15 16:38:15.419172751 +0800 CST  Connect false count:666 
2016-03-15 16:43:15.420341037 +0800 CST  Connect false count:667 
2016-03-15 16:48:15.421794775 +0800 CST  Connect false count:668 
2016-03-15 16:53:15.422978619 +0800 CST  Connect false count:669 
2016-03-15 16:58:15.42398891 +0800 CST  Connect false count:670 
2016-03-15 17:03:15.425018755 +0800 CST  Connect false count:671 
2016-03-15 17:08:15.426117805 +0800 CST  Connect false count:672 
2016-03-15 17:13:15.426830273 +0800 CST  Connect false count:673 
2016-03-15 17:18:15.427985293 +0800 CST  Connect false count:674 
2016-03-15 17:23:15.429065077 +0800 CST  Connect false count:675 
2016-03-15 17:28:15.42992943 +0800 CST  Connect false count:676 
2016-03-15 17:33:15.431014206 +0800 CST  Connect false count:677 
2016-03-15 17:38:15.432248026 +0800 CST  Connect false count:678 
2016-03-15 17:43:15.433481069 +0800 CST  Connect false count:679 
2016-03-15 17:48:15.43485444 +0800 CST  Connect false count:680 
